<?xml version="1.0" encoding="UTF-8"?>
<coverage generated="1455782969579" clover="3.2.0">
	<project timestamp="1455782969580"  name="All Files" >
		<metrics statements="90"  coveredstatements="84"  conditionals="20"  coveredconditionals="15"  methods="29"  coveredmethods="26"  elements="139"  coveredelements="125"  complexity="0"  packages="2"  files="4"  classes="4"  loc="282"  ncloc="282" />
		<package name="api-util" >
			<metrics statements="19"  coveredstatements="19"  conditionals="10"  coveredconditionals="5"  methods="10"  coveredmethods="10" />
			<file name="ApiUtil.js"  path="/home/bishal/codehome/vyaguta/vyaguta-resource/frontend/src/js/api-util/ApiUtil.js" >
				<metrics statements="19"  coveredstatements="19"  conditionals="10"  coveredconditionals="5"  methods="10"  coveredmethods="10" />
				<line num="7"  count="3"  type="stmt" />
				<line num="8"  count="3"  type="stmt" />
				<line num="10"  count="3"  type="stmt" />
				<line num="12"  count="1"  type="stmt" />
				<line num="16"  count="1"  type="cond"  truecount="1"  falsecount="1" />
				<line num="17"  count="1"  type="stmt" />
				<line num="23"  count="1"  type="stmt" />
				<line num="27"  count="1"  type="cond"  truecount="1"  falsecount="1" />
				<line num="28"  count="1"  type="stmt" />
				<line num="34"  count="1"  type="stmt" />
				<line num="39"  count="1"  type="cond"  truecount="1"  falsecount="1" />
				<line num="40"  count="1"  type="stmt" />
				<line num="46"  count="1"  type="stmt" />
				<line num="51"  count="1"  type="cond"  truecount="1"  falsecount="1" />
				<line num="52"  count="1"  type="stmt" />
				<line num="58"  count="1"  type="stmt" />
				<line num="61"  count="1"  type="cond"  truecount="1"  falsecount="1" />
				<line num="62"  count="1"  type="stmt" />
				<line num="68"  count="3"  type="stmt" />
			</file>
		</package>
		<package name="components.project-status" >
			<metrics statements="71"  coveredstatements="65"  conditionals="10"  coveredconditionals="10"  methods="19"  coveredmethods="16" />
			<file name="ProjectStatusForm.js"  path="/home/bishal/codehome/vyaguta/vyaguta-resource/frontend/src/js/components/project-status/ProjectStatusForm.js" >
				<metrics statements="34"  coveredstatements="30"  conditionals="8"  coveredconditionals="8"  methods="9"  coveredmethods="7" />
				<line num="1"  count="1"  type="stmt" />
				<line num="4"  count="1"  type="stmt" />
				<line num="5"  count="1"  type="stmt" />
				<line num="6"  count="1"  type="stmt" />
				<line num="7"  count="1"  type="stmt" />
				<line num="8"  count="1"  type="stmt" />
				<line num="9"  count="1"  type="stmt" />
				<line num="10"  count="1"  type="stmt" />
				<line num="12"  count="1"  type="stmt" />
				<line num="13"  count="1"  type="stmt" />
				<line num="15"  count="1"  type="stmt" />
				<line num="19"  count="6"  type="stmt" />
				<line num="25"  count="8"  type="cond"  truecount="2"  falsecount="0" />
				<line num="26"  count="3"  type="stmt" />
				<line num="31"  count="1"  type="stmt" />
				<line num="35"  count="2"  type="stmt" />
				<line num="37"  count="2"  type="stmt" />
				<line num="38"  count="2"  type="stmt" />
				<line num="41"  count="2"  type="cond"  truecount="2"  falsecount="0" />
				<line num="42"  count="1"  type="stmt" />
				<line num="43"  count="0"  type="stmt" />
				<line num="44"  count="0"  type="stmt" />
				<line num="47"  count="1"  type="stmt" />
				<line num="48"  count="0"  type="stmt" />
				<line num="49"  count="0"  type="stmt" />
				<line num="55"  count="1"  type="stmt" />
				<line num="56"  count="1"  type="stmt" />
				<line num="58"  count="1"  type="stmt" />
				<line num="59"  count="1"  type="stmt" />
				<line num="62"  count="8"  type="cond"  truecount="2"  falsecount="0" />
				<line num="63"  count="2"  type="stmt" />
				<line num="64"  count="8"  type="cond"  truecount="2"  falsecount="0" />
				<line num="65"  count="8"  type="stmt" />
				<line num="94"  count="1"  type="stmt" />
			</file>
			<file name="ProjectStatusList.js"  path="/home/bishal/codehome/vyaguta/vyaguta-resource/frontend/src/js/components/project-status/ProjectStatusList.js" >
				<metrics statements="29"  coveredstatements="29"  conditionals="2"  coveredconditionals="2"  methods="8"  coveredmethods="8" />
				<line num="1"  count="1"  type="stmt" />
				<line num="2"  count="1"  type="stmt" />
				<line num="4"  count="1"  type="stmt" />
				<line num="5"  count="1"  type="stmt" />
				<line num="7"  count="1"  type="stmt" />
				<line num="8"  count="1"  type="stmt" />
				<line num="9"  count="1"  type="stmt" />
				<line num="11"  count="1"  type="stmt" />
				<line num="12"  count="1"  type="stmt" />
				<line num="14"  count="1"  type="stmt" />
				<line num="15"  count="1"  type="stmt" />
				<line num="17"  count="1"  type="stmt" />
				<line num="19"  count="1"  type="stmt" />
				<line num="21"  count="6"  type="stmt" />
				<line num="27"  count="7"  type="stmt" />
				<line num="32"  count="2"  type="stmt" />
				<line num="33"  count="2"  type="stmt" />
				<line num="38"  count="9"  type="stmt" />
				<line num="45"  count="1"  type="stmt" />
				<line num="46"  count="1"  type="stmt" />
				<line num="47"  count="1"  type="stmt" />
				<line num="48"  count="1"  type="stmt" />
				<line num="49"  count="1"  type="stmt" />
				<line num="53"  count="2"  type="stmt" />
				<line num="54"  count="2"  type="cond"  truecount="2"  falsecount="0" />
				<line num="55"  count="1"  type="stmt" />
				<line num="59"  count="9"  type="stmt" />
				<line num="60"  count="9"  type="stmt" />
				<line num="91"  count="1"  type="stmt" />
			</file>
			<file name="ProjectStatusRow.js"  path="/home/bishal/codehome/vyaguta/vyaguta-resource/frontend/src/js/components/project-status/ProjectStatusRow.js" >
				<metrics statements="8"  coveredstatements="6"  conditionals="0"  coveredconditionals="0"  methods="2"  coveredmethods="1" />
				<line num="1"  count="1"  type="stmt" />
				<line num="2"  count="1"  type="stmt" />
				<line num="3"  count="1"  type="stmt" />
				<line num="4"  count="1"  type="stmt" />
				<line num="6"  count="1"  type="stmt" />
				<line num="8"  count="0"  type="stmt" />
				<line num="9"  count="0"  type="stmt" />
				<line num="29"  count="1"  type="stmt" />
			</file>
		</package>
	</project>
</coverage>
