<?xml version="1.0" encoding="UTF-8"?>
<coverage generated="1455778629988" clover="3.2.0">
	<project timestamp="1455778629988"  name="All Files" >
		<metrics statements="49"  coveredstatements="29"  conditionals="16"  coveredconditionals="6"  methods="18"  coveredmethods="5"  elements="83"  coveredelements="40"  complexity="0"  packages="2"  files="2"  classes="2"  loc="164"  ncloc="164" />
		<package name="api-util" >
			<metrics statements="19"  coveredstatements="4"  conditionals="10"  coveredconditionals="0"  methods="10"  coveredmethods="0" />
			<file name="ApiUtil.js"  path="/home/bishal/codehome/vyaguta/vyaguta-resource/frontend/src/js/api-util/ApiUtil.js" >
				<metrics statements="19"  coveredstatements="4"  conditionals="10"  coveredconditionals="0"  methods="10"  coveredmethods="0" />
				<line num="7"  count="1"  type="stmt" />
				<line num="8"  count="1"  type="stmt" />
				<line num="10"  count="1"  type="stmt" />
				<line num="12"  count="0"  type="stmt" />
				<line num="16"  count="0"  type="cond"  truecount="0"  falsecount="2" />
				<line num="17"  count="0"  type="stmt" />
				<line num="23"  count="0"  type="stmt" />
				<line num="27"  count="0"  type="cond"  truecount="0"  falsecount="2" />
				<line num="28"  count="0"  type="stmt" />
				<line num="34"  count="0"  type="stmt" />
				<line num="39"  count="0"  type="cond"  truecount="0"  falsecount="2" />
				<line num="40"  count="0"  type="stmt" />
				<line num="46"  count="0"  type="stmt" />
				<line num="51"  count="0"  type="cond"  truecount="0"  falsecount="2" />
				<line num="52"  count="0"  type="stmt" />
				<line num="58"  count="0"  type="stmt" />
				<line num="61"  count="0"  type="cond"  truecount="0"  falsecount="2" />
				<line num="62"  count="0"  type="stmt" />
				<line num="68"  count="1"  type="stmt" />
			</file>
		</package>
		<package name="components.budget-type" >
			<metrics statements="30"  coveredstatements="25"  conditionals="6"  coveredconditionals="6"  methods="8"  coveredmethods="5" />
			<file name="BudgetTypeForm.js"  path="/home/bishal/codehome/vyaguta/vyaguta-resource/frontend/src/js/components/budget-type/BudgetTypeForm.js" >
				<metrics statements="30"  coveredstatements="25"  conditionals="6"  coveredconditionals="6"  methods="8"  coveredmethods="5" />
				<line num="8"  count="1"  type="stmt" />
				<line num="9"  count="1"  type="stmt" />
				<line num="10"  count="1"  type="stmt" />
				<line num="11"  count="1"  type="stmt" />
				<line num="12"  count="1"  type="stmt" />
				<line num="14"  count="1"  type="stmt" />
				<line num="16"  count="1"  type="stmt" />
				<line num="20"  count="6"  type="stmt" />
				<line num="26"  count="8"  type="stmt" />
				<line num="28"  count="8"  type="cond"  truecount="2"  falsecount="0" />
				<line num="29"  count="3"  type="stmt" />
				<line num="30"  count="0"  type="stmt" />
				<line num="36"  count="2"  type="stmt" />
				<line num="37"  count="2"  type="stmt" />
				<line num="39"  count="2"  type="stmt" />
				<line num="43"  count="2"  type="cond"  truecount="2"  falsecount="0" />
				<line num="44"  count="1"  type="stmt" />
				<line num="45"  count="0"  type="stmt" />
				<line num="46"  count="0"  type="stmt" />
				<line num="49"  count="1"  type="stmt" />
				<line num="50"  count="0"  type="stmt" />
				<line num="51"  count="0"  type="stmt" />
				<line num="58"  count="1"  type="stmt" />
				<line num="59"  count="1"  type="stmt" />
				<line num="61"  count="1"  type="stmt" />
				<line num="62"  count="1"  type="stmt" />
				<line num="66"  count="7"  type="cond"  truecount="2"  falsecount="0" />
				<line num="67"  count="2"  type="stmt" />
				<line num="68"  count="7"  type="stmt" />
				<line num="96"  count="1"  type="stmt" />
			</file>
		</package>
	</project>
</coverage>
