{
"/home/bishal/codehome/vyaguta/vyaguta-resource/frontend/src/js/components/project-status/Form.js":{"path":"/home/bishal/codehome/vyaguta/vyaguta-resource/frontend/src/js/components/project-status/Form.js","s":{"1":1,"2":1,"3":1,"4":1,"5":1,"6":1,"7":1,"8":1,"9":1,"10":1,"11":6,"12":8,"13":3,"14":1,"15":2,"16":2,"17":2,"18":2,"19":1,"20":0,"21":0,"22":1,"23":0,"24":0,"25":1,"26":1,"27":1,"28":1,"29":8,"30":2,"31":8,"32":8,"33":1},"b":{"1":[3,5],"2":[1,1],"3":[2,6],"4":[2,6]},"f":{"1":1,"2":6,"3":8,"4":1,"5":2,"6":0,"7":0,"8":1,"9":8},"fnMap":{"1":{"name":"(anonymous_1)","line":1,"loc":{"start":{"line":1,"column":2},"end":{"line":1,"column":14}}},"2":{"name":"(anonymous_2)","line":17,"loc":{"start":{"line":17,"column":25},"end":{"line":17,"column":37}}},"3":{"name":"(anonymous_3)","line":23,"loc":{"start":{"line":23,"column":27},"end":{"line":23,"column":39}}},"4":{"name":"(anonymous_4)","line":29,"loc":{"start":{"line":29,"column":21},"end":{"line":29,"column":39}}},"5":{"name":"(anonymous_5)","line":33,"loc":{"start":{"line":33,"column":20},"end":{"line":33,"column":37}}},"6":{"name":"(anonymous_6)","line":41,"loc":{"start":{"line":41,"column":78},"end":{"line":41,"column":94}}},"7":{"name":"(anonymous_7)","line":46,"loc":{"start":{"line":46,"column":71},"end":{"line":46,"column":87}}},"8":{"name":"(anonymous_8)","line":53,"loc":{"start":{"line":53,"column":21},"end":{"line":53,"column":38}}},"9":{"name":"(anonymous_9)","line":60,"loc":{"start":{"line":60,"column":16},"end":{"line":60,"column":28}}}},"statementMap":{"1":{"start":{"line":1,"column":1},"end":{"line":93,"column":38}},"2":{"start":{"line":4,"column":4},"end":{"line":4,"column":33}},"3":{"start":{"line":5,"column":4},"end":{"line":5,"column":37}},"4":{"start":{"line":6,"column":4},"end":{"line":6,"column":50}},"5":{"start":{"line":7,"column":4},"end":{"line":7,"column":52}},"6":{"start":{"line":8,"column":4},"end":{"line":8,"column":35}},"7":{"start":{"line":10,"column":4},"end":{"line":10,"column":43}},"8":{"start":{"line":11,"column":4},"end":{"line":11,"column":40}},"9":{"start":{"line":12,"column":4},"end":{"line":12,"column":18}},"10":{"start":{"line":14,"column":4},"end":{"line":83,"column":70}},"11":{"start":{"line":18,"column":12},"end":{"line":19,"column":36}},"12":{"start":{"line":24,"column":12},"end":{"line":25,"column":78}},"13":{"start":{"line":25,"column":16},"end":{"line":25,"column":77}},"14":{"start":{"line":30,"column":12},"end":{"line":30,"column":53}},"15":{"start":{"line":34,"column":12},"end":{"line":34,"column":35}},"16":{"start":{"line":36,"column":12},"end":{"line":36,"column":28}},"17":{"start":{"line":37,"column":12},"end":{"line":38,"column":45}},"18":{"start":{"line":40,"column":12},"end":{"line":48,"column":71}},"19":{"start":{"line":41,"column":16},"end":{"line":43,"column":70}},"20":{"start":{"line":42,"column":20},"end":{"line":42,"column":73}},"21":{"start":{"line":43,"column":20},"end":{"line":43,"column":67}},"22":{"start":{"line":46,"column":16},"end":{"line":48,"column":70}},"23":{"start":{"line":47,"column":20},"end":{"line":47,"column":72}},"24":{"start":{"line":48,"column":20},"end":{"line":48,"column":67}},"25":{"start":{"line":54,"column":12},"end":{"line":54,"column":42}},"26":{"start":{"line":55,"column":12},"end":{"line":55,"column":43}},"27":{"start":{"line":57,"column":12},"end":{"line":57,"column":52}},"28":{"start":{"line":58,"column":12},"end":{"line":58,"column":78}},"29":{"start":{"line":61,"column":12},"end":{"line":62,"column":43}},"30":{"start":{"line":62,"column":12},"end":{"line":62,"column":43}},"31":{"start":{"line":63,"column":12},"end":{"line":63,"column":55}},"32":{"start":{"line":64,"column":12},"end":{"line":83,"column":65}},"33":{"start":{"line":93,"column":4},"end":{"line":93,"column":33}}},"branchMap":{"1":{"line":24,"type":"if","locations":[{"start":{"line":24,"column":12},"end":{"line":24,"column":12}},{"start":{"line":24,"column":12},"end":{"line":24,"column":12}}]},"2":{"line":40,"type":"if","locations":[{"start":{"line":40,"column":12},"end":{"line":40,"column":12}},{"start":{"line":40,"column":12},"end":{"line":40,"column":12}}]},"3":{"line":61,"type":"if","locations":[{"start":{"line":61,"column":12},"end":{"line":61,"column":12}},{"start":{"line":61,"column":12},"end":{"line":61,"column":12}}]},"4":{"line":63,"type":"cond-expr","locations":[{"start":{"line":63,"column":35},"end":{"line":63,"column":42}},{"start":{"line":63,"column":45},"end":{"line":63,"column":54}}]}},"l":{"1":1,"4":1,"5":1,"6":1,"7":1,"8":1,"10":1,"11":1,"12":1,"14":1,"18":6,"24":8,"25":3,"30":1,"34":2,"36":2,"37":2,"40":2,"41":1,"42":0,"43":0,"46":1,"47":0,"48":0,"54":1,"55":1,"57":1,"58":1,"61":8,"62":2,"63":8,"64":8,"93":1}},
"/home/bishal/codehome/vyaguta/vyaguta-resource/frontend/src/js/api-util/ApiUtil.js":{"path":"/home/bishal/codehome/vyaguta/vyaguta-resource/frontend/src/js/api-util/ApiUtil.js","s":{"1":2,"2":2,"3":2,"4":0,"5":0,"6":0,"7":0,"8":0,"9":0,"10":0,"11":0,"12":0,"13":0,"14":0,"15":0,"16":0,"17":0,"18":0,"19":2},"b":{"1":[0,0],"2":[0,0],"3":[0,0],"4":[0,0],"5":[0,0]},"f":{"1":0,"2":0,"3":0,"4":0,"5":0,"6":0,"7":0,"8":0,"9":0,"10":0},"fnMap":{"1":{"name":"(anonymous_1)","line":11,"loc":{"start":{"line":11,"column":15},"end":{"line":11,"column":53}}},"2":{"name":"(anonymous_2)","line":15,"loc":{"start":{"line":15,"column":12},"end":{"line":15,"column":32}}},"3":{"name":"(anonymous_3)","line":22,"loc":{"start":{"line":22,"column":14},"end":{"line":22,"column":48}}},"4":{"name":"(anonymous_4)","line":26,"loc":{"start":{"line":26,"column":12},"end":{"line":26,"column":32}}},"5":{"name":"(anonymous_5)","line":33,"loc":{"start":{"line":33,"column":12},"end":{"line":33,"column":52}}},"6":{"name":"(anonymous_6)","line":38,"loc":{"start":{"line":38,"column":12},"end":{"line":38,"column":32}}},"7":{"name":"(anonymous_7)","line":45,"loc":{"start":{"line":45,"column":10},"end":{"line":45,"column":58}}},"8":{"name":"(anonymous_8)","line":50,"loc":{"start":{"line":50,"column":12},"end":{"line":50,"column":32}}},"9":{"name":"(anonymous_9)","line":57,"loc":{"start":{"line":57,"column":12},"end":{"line":57,"column":54}}},"10":{"name":"(anonymous_10)","line":60,"loc":{"start":{"line":60,"column":12},"end":{"line":60,"column":32}}}},"statementMap":{"1":{"start":{"line":7,"column":0},"end":{"line":7,"column":36}},"2":{"start":{"line":8,"column":0},"end":{"line":8,"column":35}},"3":{"start":{"line":10,"column":0},"end":{"line":62,"column":41}},"4":{"start":{"line":12,"column":8},"end":{"line":17,"column":39}},"5":{"start":{"line":16,"column":12},"end":{"line":17,"column":36}},"6":{"start":{"line":17,"column":16},"end":{"line":17,"column":35}},"7":{"start":{"line":23,"column":8},"end":{"line":28,"column":39}},"8":{"start":{"line":27,"column":12},"end":{"line":28,"column":36}},"9":{"start":{"line":28,"column":16},"end":{"line":28,"column":35}},"10":{"start":{"line":34,"column":8},"end":{"line":40,"column":39}},"11":{"start":{"line":39,"column":12},"end":{"line":40,"column":36}},"12":{"start":{"line":40,"column":16},"end":{"line":40,"column":35}},"13":{"start":{"line":46,"column":8},"end":{"line":52,"column":39}},"14":{"start":{"line":51,"column":12},"end":{"line":52,"column":36}},"15":{"start":{"line":52,"column":16},"end":{"line":52,"column":35}},"16":{"start":{"line":58,"column":8},"end":{"line":62,"column":37}},"17":{"start":{"line":61,"column":12},"end":{"line":62,"column":34}},"18":{"start":{"line":62,"column":16},"end":{"line":62,"column":33}},"19":{"start":{"line":68,"column":0},"end":{"line":68,"column":25}}},"branchMap":{"1":{"line":16,"type":"if","locations":[{"start":{"line":16,"column":12},"end":{"line":16,"column":12}},{"start":{"line":16,"column":12},"end":{"line":16,"column":12}}]},"2":{"line":27,"type":"if","locations":[{"start":{"line":27,"column":12},"end":{"line":27,"column":12}},{"start":{"line":27,"column":12},"end":{"line":27,"column":12}}]},"3":{"line":39,"type":"if","locations":[{"start":{"line":39,"column":12},"end":{"line":39,"column":12}},{"start":{"line":39,"column":12},"end":{"line":39,"column":12}}]},"4":{"line":51,"type":"if","locations":[{"start":{"line":51,"column":12},"end":{"line":51,"column":12}},{"start":{"line":51,"column":12},"end":{"line":51,"column":12}}]},"5":{"line":61,"type":"if","locations":[{"start":{"line":61,"column":12},"end":{"line":61,"column":12}},{"start":{"line":61,"column":12},"end":{"line":61,"column":12}}]}},"l":{"7":2,"8":2,"10":2,"12":0,"16":0,"17":0,"23":0,"27":0,"28":0,"34":0,"39":0,"40":0,"46":0,"51":0,"52":0,"58":0,"61":0,"62":0,"68":2}},
"/home/bishal/codehome/vyaguta/vyaguta-resource/frontend/src/js/components/project-status/List.js":{"path":"/home/bishal/codehome/vyaguta/vyaguta-resource/frontend/src/js/components/project-status/List.js","s":{"1":1,"2":1,"3":1,"4":1,"5":1,"6":1,"7":1,"8":1,"9":1,"10":1,"11":1,"12":1,"13":6,"14":7,"15":2,"16":2,"17":9,"18":1,"19":1,"20":1,"21":1,"22":1,"23":2,"24":2,"25":1,"26":9,"27":9,"28":1},"b":{"1":[1,1]},"f":{"1":1,"2":6,"3":7,"4":2,"5":9,"6":1,"7":2,"8":9},"fnMap":{"1":{"name":"(anonymous_1)","line":1,"loc":{"start":{"line":1,"column":2},"end":{"line":1,"column":14}}},"2":{"name":"(anonymous_2)","line":18,"loc":{"start":{"line":18,"column":25},"end":{"line":18,"column":37}}},"3":{"name":"(anonymous_3)","line":24,"loc":{"start":{"line":24,"column":27},"end":{"line":24,"column":39}}},"4":{"name":"(anonymous_4)","line":29,"loc":{"start":{"line":29,"column":21},"end":{"line":29,"column":37}}},"5":{"name":"(anonymous_5)","line":35,"loc":{"start":{"line":35,"column":14},"end":{"line":35,"column":29}}},"6":{"name":"(anonymous_6)","line":42,"loc":{"start":{"line":42,"column":31},"end":{"line":42,"column":45}}},"7":{"name":"(anonymous_7)","line":50,"loc":{"start":{"line":50,"column":16},"end":{"line":50,"column":31}}},"8":{"name":"(anonymous_8)","line":56,"loc":{"start":{"line":56,"column":16},"end":{"line":56,"column":28}}}},"statementMap":{"1":{"start":{"line":1,"column":1},"end":{"line":88,"column":38}},"2":{"start":{"line":2,"column":4},"end":{"line":2,"column":17}},"3":{"start":{"line":4,"column":4},"end":{"line":4,"column":33}},"4":{"start":{"line":5,"column":4},"end":{"line":5,"column":44}},"5":{"start":{"line":7,"column":4},"end":{"line":7,"column":52}},"6":{"start":{"line":8,"column":4},"end":{"line":8,"column":51}},"7":{"start":{"line":9,"column":4},"end":{"line":9,"column":37}},"8":{"start":{"line":11,"column":4},"end":{"line":11,"column":30}},"9":{"start":{"line":12,"column":4},"end":{"line":12,"column":35}},"10":{"start":{"line":14,"column":4},"end":{"line":14,"column":43}},"11":{"start":{"line":15,"column":4},"end":{"line":15,"column":40}},"12":{"start":{"line":17,"column":4},"end":{"line":79,"column":59}},"13":{"start":{"line":19,"column":12},"end":{"line":20,"column":36}},"14":{"start":{"line":25,"column":12},"end":{"line":25,"column":63}},"15":{"start":{"line":30,"column":12},"end":{"line":30,"column":44}},"16":{"start":{"line":31,"column":12},"end":{"line":31,"column":71}},"17":{"start":{"line":36,"column":12},"end":{"line":38,"column":57}},"18":{"start":{"line":43,"column":12},"end":{"line":43,"column":28}},"19":{"start":{"line":44,"column":12},"end":{"line":44,"column":66}},"20":{"start":{"line":45,"column":12},"end":{"line":45,"column":106}},"21":{"start":{"line":46,"column":12},"end":{"line":46,"column":54}},"22":{"start":{"line":47,"column":12},"end":{"line":47,"column":71}},"23":{"start":{"line":51,"column":12},"end":{"line":51,"column":28}},"24":{"start":{"line":52,"column":12},"end":{"line":53,"column":81}},"25":{"start":{"line":53,"column":16},"end":{"line":53,"column":80}},"26":{"start":{"line":57,"column":12},"end":{"line":57,"column":73}},"27":{"start":{"line":58,"column":12},"end":{"line":79,"column":54}},"28":{"start":{"line":88,"column":4},"end":{"line":88,"column":33}}},"branchMap":{"1":{"line":52,"type":"if","locations":[{"start":{"line":52,"column":12},"end":{"line":52,"column":12}},{"start":{"line":52,"column":12},"end":{"line":52,"column":12}}]}},"l":{"1":1,"2":1,"4":1,"5":1,"7":1,"8":1,"9":1,"11":1,"12":1,"14":1,"15":1,"17":1,"19":6,"25":7,"30":2,"31":2,"36":9,"43":1,"44":1,"45":1,"46":1,"47":1,"51":2,"52":2,"53":1,"57":9,"58":9,"88":1}},
"/home/bishal/codehome/vyaguta/vyaguta-resource/frontend/src/js/components/project-status/ProjectStatus.js":{"path":"/home/bishal/codehome/vyaguta/vyaguta-resource/frontend/src/js/components/project-status/ProjectStatus.js","s":{"1":1,"2":1,"3":1,"4":1,"5":0,"6":0,"7":1},"b":{},"f":{"1":1,"2":0},"fnMap":{"1":{"name":"(anonymous_1)","line":1,"loc":{"start":{"line":1,"column":2},"end":{"line":1,"column":14}}},"2":{"name":"(anonymous_2)","line":6,"loc":{"start":{"line":6,"column":16},"end":{"line":6,"column":28}}}},"statementMap":{"1":{"start":{"line":1,"column":1},"end":{"line":27,"column":40}},"2":{"start":{"line":2,"column":4},"end":{"line":2,"column":33}},"3":{"start":{"line":3,"column":4},"end":{"line":3,"column":44}},"4":{"start":{"line":5,"column":4},"end":{"line":19,"column":138}},"5":{"start":{"line":7,"column":12},"end":{"line":7,"column":49}},"6":{"start":{"line":8,"column":12},"end":{"line":19,"column":133}},"7":{"start":{"line":27,"column":4},"end":{"line":27,"column":35}}},"branchMap":{},"l":{"1":1,"2":1,"3":1,"5":1,"7":0,"8":0,"27":1}}}
