{
"/home/bishal/codehome/vyaguta/vyaguta-resource/frontend/src/js/api-util/ApiUtil.js":{"path":"/home/bishal/codehome/vyaguta/vyaguta-resource/frontend/src/js/api-util/ApiUtil.js","s":{"1":3,"2":3,"3":3,"4":1,"5":1,"6":1,"7":1,"8":1,"9":1,"10":1,"11":1,"12":1,"13":1,"14":1,"15":1,"16":1,"17":1,"18":1,"19":3},"b":{"1":[1,0],"2":[1,0],"3":[1,0],"4":[1,0],"5":[1,0]},"f":{"1":1,"2":1,"3":1,"4":1,"5":1,"6":1,"7":1,"8":1,"9":1,"10":1},"fnMap":{"1":{"name":"(anonymous_1)","line":11,"loc":{"start":{"line":11,"column":15},"end":{"line":11,"column":53}}},"2":{"name":"(anonymous_2)","line":15,"loc":{"start":{"line":15,"column":12},"end":{"line":15,"column":32}}},"3":{"name":"(anonymous_3)","line":22,"loc":{"start":{"line":22,"column":14},"end":{"line":22,"column":48}}},"4":{"name":"(anonymous_4)","line":26,"loc":{"start":{"line":26,"column":12},"end":{"line":26,"column":32}}},"5":{"name":"(anonymous_5)","line":33,"loc":{"start":{"line":33,"column":12},"end":{"line":33,"column":52}}},"6":{"name":"(anonymous_6)","line":38,"loc":{"start":{"line":38,"column":12},"end":{"line":38,"column":32}}},"7":{"name":"(anonymous_7)","line":45,"loc":{"start":{"line":45,"column":10},"end":{"line":45,"column":58}}},"8":{"name":"(anonymous_8)","line":50,"loc":{"start":{"line":50,"column":12},"end":{"line":50,"column":32}}},"9":{"name":"(anonymous_9)","line":57,"loc":{"start":{"line":57,"column":12},"end":{"line":57,"column":54}}},"10":{"name":"(anonymous_10)","line":60,"loc":{"start":{"line":60,"column":12},"end":{"line":60,"column":32}}}},"statementMap":{"1":{"start":{"line":7,"column":0},"end":{"line":7,"column":36}},"2":{"start":{"line":8,"column":0},"end":{"line":8,"column":35}},"3":{"start":{"line":10,"column":0},"end":{"line":62,"column":41}},"4":{"start":{"line":12,"column":8},"end":{"line":17,"column":39}},"5":{"start":{"line":16,"column":12},"end":{"line":17,"column":36}},"6":{"start":{"line":17,"column":16},"end":{"line":17,"column":35}},"7":{"start":{"line":23,"column":8},"end":{"line":28,"column":39}},"8":{"start":{"line":27,"column":12},"end":{"line":28,"column":36}},"9":{"start":{"line":28,"column":16},"end":{"line":28,"column":35}},"10":{"start":{"line":34,"column":8},"end":{"line":40,"column":39}},"11":{"start":{"line":39,"column":12},"end":{"line":40,"column":36}},"12":{"start":{"line":40,"column":16},"end":{"line":40,"column":35}},"13":{"start":{"line":46,"column":8},"end":{"line":52,"column":39}},"14":{"start":{"line":51,"column":12},"end":{"line":52,"column":36}},"15":{"start":{"line":52,"column":16},"end":{"line":52,"column":35}},"16":{"start":{"line":58,"column":8},"end":{"line":62,"column":37}},"17":{"start":{"line":61,"column":12},"end":{"line":62,"column":34}},"18":{"start":{"line":62,"column":16},"end":{"line":62,"column":33}},"19":{"start":{"line":68,"column":0},"end":{"line":68,"column":25}}},"branchMap":{"1":{"line":16,"type":"if","locations":[{"start":{"line":16,"column":12},"end":{"line":16,"column":12}},{"start":{"line":16,"column":12},"end":{"line":16,"column":12}}]},"2":{"line":27,"type":"if","locations":[{"start":{"line":27,"column":12},"end":{"line":27,"column":12}},{"start":{"line":27,"column":12},"end":{"line":27,"column":12}}]},"3":{"line":39,"type":"if","locations":[{"start":{"line":39,"column":12},"end":{"line":39,"column":12}},{"start":{"line":39,"column":12},"end":{"line":39,"column":12}}]},"4":{"line":51,"type":"if","locations":[{"start":{"line":51,"column":12},"end":{"line":51,"column":12}},{"start":{"line":51,"column":12},"end":{"line":51,"column":12}}]},"5":{"line":61,"type":"if","locations":[{"start":{"line":61,"column":12},"end":{"line":61,"column":12}},{"start":{"line":61,"column":12},"end":{"line":61,"column":12}}]}},"l":{"7":3,"8":3,"10":3,"12":1,"16":1,"17":1,"23":1,"27":1,"28":1,"34":1,"39":1,"40":1,"46":1,"51":1,"52":1,"58":1,"61":1,"62":1,"68":3}},
"/home/bishal/codehome/vyaguta/vyaguta-resource/frontend/src/js/components/project-status/ProjectStatusForm.js":{"path":"/home/bishal/codehome/vyaguta/vyaguta-resource/frontend/src/js/components/project-status/ProjectStatusForm.js","s":{"1":1,"2":1,"3":1,"4":1,"5":1,"6":1,"7":1,"8":1,"9":1,"10":1,"11":1,"12":6,"13":8,"14":3,"15":1,"16":2,"17":2,"18":2,"19":2,"20":1,"21":0,"22":0,"23":1,"24":0,"25":0,"26":1,"27":1,"28":1,"29":1,"30":8,"31":2,"32":8,"33":8,"34":1},"b":{"1":[3,5],"2":[1,1],"3":[2,6],"4":[2,6]},"f":{"1":1,"2":6,"3":8,"4":1,"5":2,"6":0,"7":0,"8":1,"9":8},"fnMap":{"1":{"name":"(anonymous_1)","line":1,"loc":{"start":{"line":1,"column":2},"end":{"line":1,"column":14}}},"2":{"name":"(anonymous_2)","line":18,"loc":{"start":{"line":18,"column":25},"end":{"line":18,"column":37}}},"3":{"name":"(anonymous_3)","line":24,"loc":{"start":{"line":24,"column":27},"end":{"line":24,"column":39}}},"4":{"name":"(anonymous_4)","line":30,"loc":{"start":{"line":30,"column":21},"end":{"line":30,"column":39}}},"5":{"name":"(anonymous_5)","line":34,"loc":{"start":{"line":34,"column":20},"end":{"line":34,"column":37}}},"6":{"name":"(anonymous_6)","line":42,"loc":{"start":{"line":42,"column":108},"end":{"line":42,"column":124}}},"7":{"name":"(anonymous_7)","line":47,"loc":{"start":{"line":47,"column":88},"end":{"line":47,"column":104}}},"8":{"name":"(anonymous_8)","line":54,"loc":{"start":{"line":54,"column":21},"end":{"line":54,"column":38}}},"9":{"name":"(anonymous_9)","line":61,"loc":{"start":{"line":61,"column":16},"end":{"line":61,"column":28}}}},"statementMap":{"1":{"start":{"line":1,"column":1},"end":{"line":94,"column":44}},"2":{"start":{"line":4,"column":4},"end":{"line":4,"column":33}},"3":{"start":{"line":5,"column":4},"end":{"line":5,"column":63}},"4":{"start":{"line":6,"column":4},"end":{"line":6,"column":50}},"5":{"start":{"line":7,"column":4},"end":{"line":7,"column":52}},"6":{"start":{"line":8,"column":4},"end":{"line":8,"column":71}},"7":{"start":{"line":9,"column":4},"end":{"line":9,"column":61}},"8":{"start":{"line":10,"column":4},"end":{"line":10,"column":35}},"9":{"start":{"line":12,"column":4},"end":{"line":12,"column":38}},"10":{"start":{"line":13,"column":4},"end":{"line":13,"column":31}},"11":{"start":{"line":15,"column":4},"end":{"line":84,"column":70}},"12":{"start":{"line":19,"column":12},"end":{"line":20,"column":36}},"13":{"start":{"line":25,"column":12},"end":{"line":26,"column":108}},"14":{"start":{"line":26,"column":16},"end":{"line":26,"column":107}},"15":{"start":{"line":31,"column":12},"end":{"line":31,"column":53}},"16":{"start":{"line":35,"column":12},"end":{"line":35,"column":35}},"17":{"start":{"line":37,"column":12},"end":{"line":37,"column":28}},"18":{"start":{"line":38,"column":12},"end":{"line":39,"column":45}},"19":{"start":{"line":41,"column":12},"end":{"line":49,"column":87}},"20":{"start":{"line":42,"column":16},"end":{"line":44,"column":86}},"21":{"start":{"line":43,"column":20},"end":{"line":43,"column":73}},"22":{"start":{"line":44,"column":20},"end":{"line":44,"column":83}},"23":{"start":{"line":47,"column":16},"end":{"line":49,"column":86}},"24":{"start":{"line":48,"column":20},"end":{"line":48,"column":72}},"25":{"start":{"line":49,"column":20},"end":{"line":49,"column":83}},"26":{"start":{"line":55,"column":12},"end":{"line":55,"column":42}},"27":{"start":{"line":56,"column":12},"end":{"line":56,"column":43}},"28":{"start":{"line":58,"column":12},"end":{"line":58,"column":52}},"29":{"start":{"line":59,"column":12},"end":{"line":59,"column":78}},"30":{"start":{"line":62,"column":12},"end":{"line":63,"column":69}},"31":{"start":{"line":63,"column":12},"end":{"line":63,"column":69}},"32":{"start":{"line":64,"column":12},"end":{"line":64,"column":68}},"33":{"start":{"line":65,"column":12},"end":{"line":84,"column":65}},"34":{"start":{"line":94,"column":4},"end":{"line":94,"column":39}}},"branchMap":{"1":{"line":25,"type":"if","locations":[{"start":{"line":25,"column":12},"end":{"line":25,"column":12}},{"start":{"line":25,"column":12},"end":{"line":25,"column":12}}]},"2":{"line":41,"type":"if","locations":[{"start":{"line":41,"column":12},"end":{"line":41,"column":12}},{"start":{"line":41,"column":12},"end":{"line":41,"column":12}}]},"3":{"line":62,"type":"if","locations":[{"start":{"line":62,"column":12},"end":{"line":62,"column":12}},{"start":{"line":62,"column":12},"end":{"line":62,"column":12}}]},"4":{"line":64,"type":"cond-expr","locations":[{"start":{"line":64,"column":48},"end":{"line":64,"column":55}},{"start":{"line":64,"column":58},"end":{"line":64,"column":67}}]}},"l":{"1":1,"4":1,"5":1,"6":1,"7":1,"8":1,"9":1,"10":1,"12":1,"13":1,"15":1,"19":6,"25":8,"26":3,"31":1,"35":2,"37":2,"38":2,"41":2,"42":1,"43":0,"44":0,"47":1,"48":0,"49":0,"55":1,"56":1,"58":1,"59":1,"62":8,"63":2,"64":8,"65":8,"94":1}},
"/home/bishal/codehome/vyaguta/vyaguta-resource/frontend/src/js/components/project-status/ProjectStatusList.js":{"path":"/home/bishal/codehome/vyaguta/vyaguta-resource/frontend/src/js/components/project-status/ProjectStatusList.js","s":{"1":1,"2":1,"3":1,"4":1,"5":1,"6":1,"7":1,"8":1,"9":1,"10":1,"11":1,"12":1,"13":1,"14":6,"15":7,"16":2,"17":2,"18":9,"19":1,"20":1,"21":1,"22":1,"23":1,"24":2,"25":2,"26":1,"27":9,"28":9,"29":1},"b":{"1":[1,1]},"f":{"1":1,"2":6,"3":7,"4":2,"5":9,"6":1,"7":2,"8":9},"fnMap":{"1":{"name":"(anonymous_1)","line":1,"loc":{"start":{"line":1,"column":2},"end":{"line":1,"column":14}}},"2":{"name":"(anonymous_2)","line":20,"loc":{"start":{"line":20,"column":25},"end":{"line":20,"column":37}}},"3":{"name":"(anonymous_3)","line":26,"loc":{"start":{"line":26,"column":27},"end":{"line":26,"column":39}}},"4":{"name":"(anonymous_4)","line":31,"loc":{"start":{"line":31,"column":21},"end":{"line":31,"column":37}}},"5":{"name":"(anonymous_5)","line":37,"loc":{"start":{"line":37,"column":14},"end":{"line":37,"column":29}}},"6":{"name":"(anonymous_6)","line":44,"loc":{"start":{"line":44,"column":31},"end":{"line":44,"column":45}}},"7":{"name":"(anonymous_7)","line":52,"loc":{"start":{"line":52,"column":16},"end":{"line":52,"column":31}}},"8":{"name":"(anonymous_8)","line":58,"loc":{"start":{"line":58,"column":16},"end":{"line":58,"column":28}}}},"statementMap":{"1":{"start":{"line":1,"column":1},"end":{"line":91,"column":44}},"2":{"start":{"line":2,"column":4},"end":{"line":2,"column":17}},"3":{"start":{"line":4,"column":4},"end":{"line":4,"column":33}},"4":{"start":{"line":5,"column":4},"end":{"line":5,"column":44}},"5":{"start":{"line":7,"column":4},"end":{"line":7,"column":52}},"6":{"start":{"line":8,"column":4},"end":{"line":8,"column":54}},"7":{"start":{"line":9,"column":4},"end":{"line":9,"column":63}},"8":{"start":{"line":11,"column":4},"end":{"line":11,"column":30}},"9":{"start":{"line":12,"column":4},"end":{"line":12,"column":35}},"10":{"start":{"line":14,"column":4},"end":{"line":14,"column":71}},"11":{"start":{"line":15,"column":4},"end":{"line":15,"column":61}},"12":{"start":{"line":17,"column":4},"end":{"line":17,"column":38}},"13":{"start":{"line":19,"column":4},"end":{"line":82,"column":59}},"14":{"start":{"line":21,"column":12},"end":{"line":22,"column":36}},"15":{"start":{"line":27,"column":12},"end":{"line":27,"column":80}},"16":{"start":{"line":32,"column":12},"end":{"line":32,"column":44}},"17":{"start":{"line":33,"column":12},"end":{"line":33,"column":71}},"18":{"start":{"line":38,"column":12},"end":{"line":40,"column":57}},"19":{"start":{"line":45,"column":12},"end":{"line":45,"column":28}},"20":{"start":{"line":46,"column":12},"end":{"line":46,"column":66}},"21":{"start":{"line":47,"column":12},"end":{"line":47,"column":106}},"22":{"start":{"line":48,"column":12},"end":{"line":48,"column":54}},"23":{"start":{"line":49,"column":12},"end":{"line":49,"column":71}},"24":{"start":{"line":53,"column":12},"end":{"line":53,"column":28}},"25":{"start":{"line":54,"column":12},"end":{"line":55,"column":98}},"26":{"start":{"line":55,"column":16},"end":{"line":55,"column":97}},"27":{"start":{"line":59,"column":12},"end":{"line":59,"column":73}},"28":{"start":{"line":60,"column":12},"end":{"line":82,"column":54}},"29":{"start":{"line":91,"column":4},"end":{"line":91,"column":39}}},"branchMap":{"1":{"line":54,"type":"if","locations":[{"start":{"line":54,"column":12},"end":{"line":54,"column":12}},{"start":{"line":54,"column":12},"end":{"line":54,"column":12}}]}},"l":{"1":1,"2":1,"4":1,"5":1,"7":1,"8":1,"9":1,"11":1,"12":1,"14":1,"15":1,"17":1,"19":1,"21":6,"27":7,"32":2,"33":2,"38":9,"45":1,"46":1,"47":1,"48":1,"49":1,"53":2,"54":2,"55":1,"59":9,"60":9,"91":1}},
"/home/bishal/codehome/vyaguta/vyaguta-resource/frontend/src/js/components/project-status/ProjectStatusRow.js":{"path":"/home/bishal/codehome/vyaguta/vyaguta-resource/frontend/src/js/components/project-status/ProjectStatusRow.js","s":{"1":1,"2":1,"3":1,"4":1,"5":1,"6":0,"7":0,"8":1},"b":{},"f":{"1":1,"2":0},"fnMap":{"1":{"name":"(anonymous_1)","line":1,"loc":{"start":{"line":1,"column":2},"end":{"line":1,"column":14}}},"2":{"name":"(anonymous_2)","line":7,"loc":{"start":{"line":7,"column":16},"end":{"line":7,"column":28}}}},"statementMap":{"1":{"start":{"line":1,"column":1},"end":{"line":29,"column":43}},"2":{"start":{"line":2,"column":4},"end":{"line":2,"column":33}},"3":{"start":{"line":3,"column":4},"end":{"line":3,"column":44}},"4":{"start":{"line":4,"column":4},"end":{"line":4,"column":61}},"5":{"start":{"line":6,"column":4},"end":{"line":21,"column":138}},"6":{"start":{"line":8,"column":12},"end":{"line":8,"column":49}},"7":{"start":{"line":9,"column":12},"end":{"line":21,"column":133}},"8":{"start":{"line":29,"column":4},"end":{"line":29,"column":38}}},"branchMap":{},"l":{"1":1,"2":1,"3":1,"4":1,"6":1,"8":0,"9":0,"29":1}}}
