TN:
SF:/home/bishal/codehome/vyaguta/vyaguta-resource/frontend/src/js/components/budget-type/BudgetTypeForm.js
FN:19,(anonymous_1)
FN:25,(anonymous_2)
FN:29,(anonymous_3)
FN:35,(anonymous_4)
FN:44,(anonymous_5)
FN:49,(anonymous_6)
FN:57,(anonymous_7)
FN:65,(anonymous_8)
FNF:8
FNH:5
FNDA:6,(anonymous_1)
FNDA:8,(anonymous_2)
FNDA:0,(anonymous_3)
FNDA:2,(anonymous_4)
FNDA:0,(anonymous_5)
FNDA:0,(anonymous_6)
FNDA:1,(anonymous_7)
FNDA:7,(anonymous_8)
DA:8,1
DA:9,1
DA:10,1
DA:11,1
DA:12,1
DA:14,1
DA:16,1
DA:20,6
DA:26,8
DA:28,8
DA:29,3
DA:30,0
DA:36,2
DA:37,2
DA:39,2
DA:43,2
DA:44,1
DA:45,0
DA:46,0
DA:49,1
DA:50,0
DA:51,0
DA:58,1
DA:59,1
DA:61,1
DA:62,1
DA:66,7
DA:67,2
DA:68,7
DA:96,1
LF:30
LH:25
BRDA:28,1,0,3
BRDA:28,1,1,5
BRDA:43,2,0,1
BRDA:43,2,1,1
BRDA:66,3,0,2
BRDA:66,3,1,5
BRF:6
BRH:6
end_of_record
TN:
SF:/home/bishal/codehome/vyaguta/vyaguta-resource/frontend/src/js/api-util/ApiUtil.js
FN:11,(anonymous_1)
FN:15,(anonymous_2)
FN:22,(anonymous_3)
FN:26,(anonymous_4)
FN:33,(anonymous_5)
FN:38,(anonymous_6)
FN:45,(anonymous_7)
FN:50,(anonymous_8)
FN:57,(anonymous_9)
FN:60,(anonymous_10)
FNF:10
FNH:0
FNDA:0,(anonymous_1)
FNDA:0,(anonymous_2)
FNDA:0,(anonymous_3)
FNDA:0,(anonymous_4)
FNDA:0,(anonymous_5)
FNDA:0,(anonymous_6)
FNDA:0,(anonymous_7)
FNDA:0,(anonymous_8)
FNDA:0,(anonymous_9)
FNDA:0,(anonymous_10)
DA:7,1
DA:8,1
DA:10,1
DA:12,0
DA:16,0
DA:17,0
DA:23,0
DA:27,0
DA:28,0
DA:34,0
DA:39,0
DA:40,0
DA:46,0
DA:51,0
DA:52,0
DA:58,0
DA:61,0
DA:62,0
DA:68,1
LF:19
LH:4
BRDA:16,1,0,0
BRDA:16,1,1,0
BRDA:27,2,0,0
BRDA:27,2,1,0
BRDA:39,3,0,0
BRDA:39,3,1,0
BRDA:51,4,0,0
BRDA:51,4,1,0
BRDA:61,5,0,0
BRDA:61,5,1,0
BRF:10
BRH:0
end_of_record
