TN:
SF:/home/bishal/codehome/vyaguta/vyaguta-resource/frontend/src/js/components/project-status/Form.js
FN:1,(anonymous_1)
FN:17,(anonymous_2)
FN:23,(anonymous_3)
FN:29,(anonymous_4)
FN:33,(anonymous_5)
FN:41,(anonymous_6)
FN:46,(anonymous_7)
FN:53,(anonymous_8)
FN:60,(anonymous_9)
FNF:9
FNH:7
FNDA:1,(anonymous_1)
FNDA:6,(anonymous_2)
FNDA:8,(anonymous_3)
FNDA:1,(anonymous_4)
FNDA:2,(anonymous_5)
FNDA:0,(anonymous_6)
FNDA:0,(anonymous_7)
FNDA:1,(anonymous_8)
FNDA:8,(anonymous_9)
DA:1,1
DA:4,1
DA:5,1
DA:6,1
DA:7,1
DA:8,1
DA:10,1
DA:11,1
DA:12,1
DA:14,1
DA:18,6
DA:24,8
DA:25,3
DA:30,1
DA:34,2
DA:36,2
DA:37,2
DA:40,2
DA:41,1
DA:42,0
DA:43,0
DA:46,1
DA:47,0
DA:48,0
DA:54,1
DA:55,1
DA:57,1
DA:58,1
DA:61,8
DA:62,2
DA:63,8
DA:64,8
DA:93,1
LF:33
LH:29
BRDA:24,1,0,3
BRDA:24,1,1,5
BRDA:40,2,0,1
BRDA:40,2,1,1
BRDA:61,3,0,2
BRDA:61,3,1,6
BRDA:63,4,0,2
BRDA:63,4,1,6
BRF:8
BRH:8
end_of_record
TN:
SF:/home/bishal/codehome/vyaguta/vyaguta-resource/frontend/src/js/api-util/ApiUtil.js
FN:11,(anonymous_1)
FN:15,(anonymous_2)
FN:22,(anonymous_3)
FN:26,(anonymous_4)
FN:33,(anonymous_5)
FN:38,(anonymous_6)
FN:45,(anonymous_7)
FN:50,(anonymous_8)
FN:57,(anonymous_9)
FN:60,(anonymous_10)
FNF:10
FNH:0
FNDA:0,(anonymous_1)
FNDA:0,(anonymous_2)
FNDA:0,(anonymous_3)
FNDA:0,(anonymous_4)
FNDA:0,(anonymous_5)
FNDA:0,(anonymous_6)
FNDA:0,(anonymous_7)
FNDA:0,(anonymous_8)
FNDA:0,(anonymous_9)
FNDA:0,(anonymous_10)
DA:7,2
DA:8,2
DA:10,2
DA:12,0
DA:16,0
DA:17,0
DA:23,0
DA:27,0
DA:28,0
DA:34,0
DA:39,0
DA:40,0
DA:46,0
DA:51,0
DA:52,0
DA:58,0
DA:61,0
DA:62,0
DA:68,2
LF:19
LH:4
BRDA:16,1,0,0
BRDA:16,1,1,0
BRDA:27,2,0,0
BRDA:27,2,1,0
BRDA:39,3,0,0
BRDA:39,3,1,0
BRDA:51,4,0,0
BRDA:51,4,1,0
BRDA:61,5,0,0
BRDA:61,5,1,0
BRF:10
BRH:0
end_of_record
TN:
SF:/home/bishal/codehome/vyaguta/vyaguta-resource/frontend/src/js/components/project-status/List.js
FN:1,(anonymous_1)
FN:18,(anonymous_2)
FN:24,(anonymous_3)
FN:29,(anonymous_4)
FN:35,(anonymous_5)
FN:42,(anonymous_6)
FN:50,(anonymous_7)
FN:56,(anonymous_8)
FNF:8
FNH:8
FNDA:1,(anonymous_1)
FNDA:6,(anonymous_2)
FNDA:7,(anonymous_3)
FNDA:2,(anonymous_4)
FNDA:9,(anonymous_5)
FNDA:1,(anonymous_6)
FNDA:2,(anonymous_7)
FNDA:9,(anonymous_8)
DA:1,1
DA:2,1
DA:4,1
DA:5,1
DA:7,1
DA:8,1
DA:9,1
DA:11,1
DA:12,1
DA:14,1
DA:15,1
DA:17,1
DA:19,6
DA:25,7
DA:30,2
DA:31,2
DA:36,9
DA:43,1
DA:44,1
DA:45,1
DA:46,1
DA:47,1
DA:51,2
DA:52,2
DA:53,1
DA:57,9
DA:58,9
DA:88,1
LF:28
LH:28
BRDA:52,1,0,1
BRDA:52,1,1,1
BRF:2
BRH:2
end_of_record
TN:
SF:/home/bishal/codehome/vyaguta/vyaguta-resource/frontend/src/js/components/project-status/ProjectStatus.js
FN:1,(anonymous_1)
FN:6,(anonymous_2)
FNF:2
FNH:1
FNDA:1,(anonymous_1)
FNDA:0,(anonymous_2)
DA:1,1
DA:2,1
DA:3,1
DA:5,1
DA:7,0
DA:8,0
DA:27,1
LF:7
LH:5
BRF:0
BRH:0
end_of_record
